# JRE version: OpenJDK Runtime Environment (25.0.3) (build 25.0.3+-15898627-b508.16)
# Java VM: OpenJDK 64-Bit Server VM (25.0.3+-15898627-b508.16, mixed mode, tiered, compressed oops, compressed class ptrs, g1 gc, windows-amd64)
GC Precious Log:
 CardTable entry size: 512
 Card Set container configuration: InlinePtr #cards 5 size 8 Array Of Cards #cards 10 size 36 Howl #buckets 4 coarsen threshold 1843 Howl Bitmap #cards 512 size 80 coarsen threshold 460 Card regions per heap region 1 cards per card region 2048
 CPUs: 4 total, 4 available
 Memory: 3503M
 Large Page Support: Disabled
 NUMA Support: Disabled
 Compressed Oops: Enabled (32-bit)
 Heap Region Size: 1M
 Heap Min Capacity: 8M
 Heap Initial Capacity: 56M
 Heap Max Capacity: 1G
 Pre-touch: Disabled
 Parallel Workers: 4
 Concurrent Workers: 1
 Concurrent Refinement Workers: 4
 Periodic GC: Disabled
Heap:
 garbage-first heap   total reserved 1048576K, committed 132096K, used 117950K [0x00000000c0000000, 0x0000000100000000)
  region size 1024K, 27 young (27648K), 2 survivors (2048K)
GC Heap Usage History (20 events):
Event: 37.246 {heap Before GC invocations=25 (full 0):
 garbage-first heap   total reserved 1048576K, committed 101376K, used 89820K [0x00000000c0000000, 0x0000000100000000)
  region size 1024K, 32 young (32768K), 4 survivors (4096K)
}
Event: 37.256 {heap After GC invocations=26 (full 0):
 garbage-first heap   total reserved 1048576K, committed 101376K, used 65242K [0x00000000c0000000, 0x0000000100000000)
  region size 1024K, 4 young (4096K), 4 survivors (4096K)
}
Event: 37.854 {heap Before GC invocations=26 (full 0):
 garbage-first heap   total reserved 1048576K, committed 101376K, used 90842K [0x00000000c0000000, 0x0000000100000000)
  region size 1024K, 29 young (29696K), 4 survivors (4096K)
}
Event: 37.859 {heap After GC invocations=27 (full 0):
 garbage-first heap   total reserved 1048576K, committed 101376K, used 66074K [0x00000000c0000000, 0x0000000100000000)
  region size 1024K, 1 young (1024K), 1 survivors (1024K)
}
Event: 39.559 {heap Before GC invocations=28 (full 0):
 garbage-first heap   total reserved 1048576K, committed 111616K, used 91674K [0x00000000c0000000, 0x0000000100000000)
  region size 1024K, 27 young (27648K), 1 survivors (1024K)
}
Event: 39.564 {heap After GC invocations=29 (full 0):
 garbage-first heap   total reserved 1048576K, committed 111616K, used 67177K [0x00000000c0000000, 0x0000000100000000)
  region size 1024K, 2 young (2048K), 2 survivors (2048K)
}
Event: 44.393 {heap Before GC invocations=29 (full 0):
 garbage-first heap   total reserved 1048576K, committed 111616K, used 100969K [0x00000000c0000000, 0x0000000100000000)
  region size 1024K, 36 young (36864K), 2 survivors (2048K)
}
Event: 44.400 {heap After GC invocations=30 (full 0):
 garbage-first heap   total reserved 1048576K, committed 111616K, used 68788K [0x00000000c0000000, 0x0000000100000000)
  region size 1024K, 4 young (4096K), 4 survivors (4096K)
}
Event: 47.548 {heap Before GC invocations=30 (full 0):
 garbage-first heap   total reserved 1048576K, committed 111616K, used 103604K [0x00000000c0000000, 0x0000000100000000)
  region size 1024K, 38 young (38912K), 4 survivors (4096K)
}
Event: 47.557 {heap After GC invocations=31 (full 0):
 garbage-first heap   total reserved 1048576K, committed 111616K, used 70729K [0x00000000c0000000, 0x0000000100000000)
  region size 1024K, 4 young (4096K), 4 survivors (4096K)
}
Event: 50.308 {heap Before GC invocations=32 (full 0):
 garbage-first heap   total reserved 1048576K, committed 119808K, used 102473K [0x00000000c0000000, 0x0000000100000000)
  region size 1024K, 36 young (36864K), 4 survivors (4096K)
}
Event: 50.319 {heap After GC invocations=33 (full 0):
 garbage-first heap   total reserved 1048576K, committed 119808K, used 74722K [0x00000000c0000000, 0x0000000100000000)
  region size 1024K, 5 young (5120K), 5 survivors (5120K)
}
Event: 51.526 {heap Before GC invocations=33 (full 0):
 garbage-first heap   total reserved 1048576K, committed 119808K, used 109538K [0x00000000c0000000, 0x0000000100000000)
  region size 1024K, 40 young (40960K), 5 survivors (5120K)
}
Event: 51.540 {heap After GC invocations=34 (full 0):
 garbage-first heap   total reserved 1048576K, committed 119808K, used 75459K [0x00000000c0000000, 0x0000000100000000)
  region size 1024K, 2 young (2048K), 2 survivors (2048K)
}
Event: 55.130 {heap Before GC invocations=34 (full 0):
 garbage-first heap   total reserved 1048576K, committed 119808K, used 110275K [0x00000000c0000000, 0x0000000100000000)
  region size 1024K, 37 young (37888K), 2 survivors (2048K)
}
Event: 55.137 {heap After GC invocations=35 (full 0):
 garbage-first heap   total reserved 1048576K, committed 119808K, used 76458K [0x00000000c0000000, 0x0000000100000000)
  region size 1024K, 3 young (3072K), 3 survivors (3072K)
}
Event: 64.865 {heap Before GC invocations=36 (full 0):
 garbage-first heap   total reserved 1048576K, committed 128000K, used 120490K [0x00000000c0000000, 0x0000000100000000)
  region size 1024K, 38 young (38912K), 3 survivors (3072K)
}
Event: 64.874 {heap After GC invocations=37 (full 0):
 garbage-first heap   total reserved 1048576K, committed 131072K, used 91046K [0x00000000c0000000, 0x0000000100000000)
  region size 1024K, 5 young (5120K), 5 survivors (5120K)
}
Event: 66.809 {heap Before GC invocations=37 (full 0):
 garbage-first heap   total reserved 1048576K, committed 131072K, used 121766K [0x00000000c0000000, 0x0000000100000000)
  region size 1024K, 34 young (34816K), 5 survivors (5120K)
}
Event: 66.817 {heap After GC invocations=38 (full 0):
 garbage-first heap   total reserved 1048576K, committed 132096K, used 94398K [0x00000000c0000000, 0x0000000100000000)
  region size 1024K, 2 young (2048K), 2 survivors (2048K)
}

