# JRE version: OpenJDK Runtime Environment (25.0.3) (build 25.0.3+-15898627-b508.16)
# Java VM: OpenJDK 64-Bit Server VM (25.0.3+-15898627-b508.16, mixed mode, tiered, compressed oops, compressed class ptrs, g1 gc, windows-amd64)
GC Precious Log:
 CardTable entry size: 512
 Card Set container configuration: InlinePtr #cards 5 size 8 Array Of Cards #cards 10 size 36 Howl #buckets 4 coarsen threshold 1843 Howl Bitmap #cards 512 size 80 coarsen threshold 460 Card regions per heap region 1 cards per card region 2048
 CPUs: 4 total, 4 available
 Memory: 3503M
 Large Page Support: Disabled
 NUMA Support: Disabled
 Compressed Oops: Enabled (32-bit)
 Heap Region Size: 1M
 Heap Min Capacity: 8M
 Heap Initial Capacity: 56M
 Heap Max Capacity: 2G
 Pre-touch: Disabled
 Parallel Workers: 4
 Concurrent Workers: 1
 Concurrent Refinement Workers: 4
 Periodic GC: Disabled
Heap:
 garbage-first heap   total reserved 2097152K, committed 124928K, used 82558K [0x0000000080000000, 0x0000000100000000)
  region size 1024K, 14 young (14336K), 4 survivors (4096K)
GC Heap Usage History (20 events):
Event: 250.886 {heap Before GC invocations=18 (full 0):
 garbage-first heap   total reserved 2097152K, committed 92160K, used 80702K [0x0000000080000000, 0x0000000100000000)
  region size 1024K, 30 young (30720K), 3 survivors (3072K)
}
Event: 250.949 {heap After GC invocations=19 (full 0):
 garbage-first heap   total reserved 2097152K, committed 92160K, used 56988K [0x0000000080000000, 0x0000000100000000)
  region size 1024K, 4 young (4096K), 4 survivors (4096K)
}
Event: 263.759 {heap Before GC invocations=20 (full 0):
 garbage-first heap   total reserved 2097152K, committed 96256K, used 83612K [0x0000000080000000, 0x0000000100000000)
  region size 1024K, 30 young (30720K), 4 survivors (4096K)
}
Event: 264.150 {heap After GC invocations=21 (full 0):
 garbage-first heap   total reserved 2097152K, committed 96256K, used 59125K [0x0000000080000000, 0x0000000100000000)
  region size 1024K, 2 young (2048K), 2 survivors (2048K)
}
Event: 273.813 {heap Before GC invocations=21 (full 0):
 garbage-first heap   total reserved 2097152K, committed 96256K, used 87797K [0x0000000080000000, 0x0000000100000000)
  region size 1024K, 30 young (30720K), 2 survivors (2048K)
}
Event: 274.344 {heap After GC invocations=22 (full 0):
 garbage-first heap   total reserved 2097152K, committed 96256K, used 60176K [0x0000000080000000, 0x0000000100000000)
  region size 1024K, 3 young (3072K), 3 survivors (3072K)
}
Event: 285.267 {heap Before GC invocations=22 (full 0):
 garbage-first heap   total reserved 2097152K, committed 96256K, used 78608K [0x0000000080000000, 0x0000000100000000)
  region size 1024K, 22 young (22528K), 3 survivors (3072K)
}
Event: 285.306 {heap After GC invocations=23 (full 0):
 garbage-first heap   total reserved 2097152K, committed 96256K, used 62401K [0x0000000080000000, 0x0000000100000000)
  region size 1024K, 3 young (3072K), 3 survivors (3072K)
}
Event: 305.882 {heap Before GC invocations=24 (full 0):
 garbage-first heap   total reserved 2097152K, committed 104448K, used 88001K [0x0000000080000000, 0x0000000100000000)
  region size 1024K, 29 young (29696K), 3 survivors (3072K)
}
Event: 306.123 {heap After GC invocations=25 (full 0):
 garbage-first heap   total reserved 2097152K, committed 104448K, used 65903K [0x0000000080000000, 0x0000000100000000)
  region size 1024K, 4 young (4096K), 4 survivors (4096K)
}
Event: 307.131 {heap Before GC invocations=25 (full 0):
 garbage-first heap   total reserved 2097152K, committed 104448K, used 79215K [0x0000000080000000, 0x0000000100000000)
  region size 1024K, 17 young (17408K), 4 survivors (4096K)
}
Event: 307.149 {heap After GC invocations=26 (full 0):
 garbage-first heap   total reserved 2097152K, committed 104448K, used 65772K [0x0000000080000000, 0x0000000100000000)
  region size 1024K, 1 young (1024K), 1 survivors (1024K)
}
Event: 322.677 {heap Before GC invocations=26 (full 0):
 garbage-first heap   total reserved 2097152K, committed 104448K, used 94444K [0x0000000080000000, 0x0000000100000000)
  region size 1024K, 30 young (30720K), 1 survivors (1024K)
}
Event: 322.698 {heap After GC invocations=27 (full 0):
 garbage-first heap   total reserved 2097152K, committed 104448K, used 67542K [0x0000000080000000, 0x0000000100000000)
  region size 1024K, 3 young (3072K), 3 survivors (3072K)
}
Event: 335.555 {heap Before GC invocations=28 (full 0):
 garbage-first heap   total reserved 2097152K, committed 114688K, used 95190K [0x0000000080000000, 0x0000000100000000)
  region size 1024K, 31 young (31744K), 3 survivors (3072K)
}
Event: 335.752 {heap After GC invocations=29 (full 0):
 garbage-first heap   total reserved 2097152K, committed 114688K, used 69781K [0x0000000080000000, 0x0000000100000000)
  region size 1024K, 4 young (4096K), 4 survivors (4096K)
}
Event: 351.766 {heap Before GC invocations=29 (full 0):
 garbage-first heap   total reserved 2097152K, committed 114688K, used 99477K [0x0000000080000000, 0x0000000100000000)
  region size 1024K, 33 young (33792K), 4 survivors (4096K)
}
Event: 351.858 {heap After GC invocations=30 (full 0):
 garbage-first heap   total reserved 2097152K, committed 114688K, used 70916K [0x0000000080000000, 0x0000000100000000)
  region size 1024K, 4 young (4096K), 4 survivors (4096K)
}
Event: 369.241 {heap Before GC invocations=30 (full 0):
 garbage-first heap   total reserved 2097152K, committed 114688K, used 106756K [0x0000000080000000, 0x0000000100000000)
  region size 1024K, 39 young (39936K), 4 survivors (4096K)
}
Event: 369.359 {heap After GC invocations=31 (full 0):
 garbage-first heap   total reserved 2097152K, committed 114688K, used 73342K [0x0000000080000000, 0x0000000100000000)
  region size 1024K, 4 young (4096K), 4 survivors (4096K)
}

